<?xml version="1.0" encoding="UTF-8"?>
<testng-results skipped="0" failed="0" total="1" passed="1">
  <reporter-output>
  </reporter-output>
  <suite name="Default suite" duration-ms="14314" started-at="2019-03-18T07:31:30Z" finished-at="2019-03-18T07:31:44Z">
    <groups>
    </groups>
    <test name="Default test" duration-ms="14314" started-at="2019-03-18T07:31:30Z" finished-at="2019-03-18T07:31:44Z">
      <class name="selenium2.NewTest">
        <test-method status="PASS" signature="beforeMethod()[pri:0, instance:selenium2.NewTest@c39f790]" name="beforeMethod" is-config="true" duration-ms="12223" started-at="2019-03-18T15:31:30Z" finished-at="2019-03-18T15:31:42Z">
          <reporter-output>
          </reporter-output>
        </test-method> <!-- beforeMethod -->
        <test-method status="PASS" signature="f()[pri:0, instance:selenium2.NewTest@c39f790]" name="f" duration-ms="2079" started-at="2019-03-18T15:31:42Z" finished-at="2019-03-18T15:31:44Z">
          <reporter-output>
          </reporter-output>
        </test-method> <!-- f -->
        <test-method status="PASS" signature="afterMethod()[pri:0, instance:selenium2.NewTest@c39f790]" name="afterMethod" is-config="true" duration-ms="0" started-at="2019-03-18T15:31:44Z" finished-at="2019-03-18T15:31:44Z">
          <reporter-output>
          </reporter-output>
        </test-method> <!-- afterMethod -->
      </class> <!-- selenium2.NewTest -->
    </test> <!-- Default test -->
  </suite> <!-- Default suite -->
</testng-results>
